<?xml version="1.0" encoding="UTF-8"?>
<!-- Generated by org.testng.reporters.JUnitXMLReporter -->
<testsuite ignored="0" hostname="Riddhis-MacBook-Air.local" failures="0" tests="10" name="Surefire test" time="90.294" errors="0" timestamp="2022-04-28T12:30:40 EDT">
  <testcase classname="com.ap.qa.testcases.HomePageTest" name="@BeforeMethod setUp" time="0.032">
    <failure type="org.openqa.selenium.SessionNotCreatedException" message="Could not start a new session. Possible causes are invalid address of the remote server or browser start-up failure.">
      <![CDATA[org.openqa.selenium.SessionNotCreatedException: Could not start a new session. Possible causes are invalid address of the remote server or browser start-up failure.
at org.openqa.selenium.remote.RemoteWebDriver.execute(RemoteWebDriver.java:561)
at org.openqa.selenium.remote.RemoteWebDriver.startSession(RemoteWebDriver.java:230)
at org.openqa.selenium.remote.RemoteWebDriver.<init>(RemoteWebDriver.java:151)
at org.openqa.selenium.firefox.FirefoxDriver.<init>(FirefoxDriver.java:198)
at org.openqa.selenium.firefox.FirefoxDriver.<init>(FirefoxDriver.java:186)
at org.openqa.selenium.firefox.FirefoxDriver.<init>(FirefoxDriver.java:164)
at com.ap.qa.base.TestBase.init(TestBase.java:50)
at com.ap.qa.testcases.HomePageTest.setUp(HomePageTest.java:24)
at java.base/java.util.ArrayList.forEach(ArrayList.java:1511)
Caused by: org.openqa.selenium.WebDriverException: Timed out waiting for driver server to start.
Build info: version: '4.1.1', revision: 'e8fcc2cecf'
System info: host: 'Riddhis-MacBook-Air.local', ip: 'fe80:0:0:0:18ed:c0b8:be5:aa6d%en0', os.name: 'Mac OS X', os.arch: 'x86_64', os.version: '10.16', java.version: '15.0.1'
Driver info: driver.version: FirefoxDriver
at org.openqa.selenium.remote.service.DriverService.start(DriverService.java:230)
at org.openqa.selenium.remote.service.DriverCommandExecutor.execute(DriverCommandExecutor.java:98)
at org.openqa.selenium.remote.RemoteWebDriver.execute(RemoteWebDriver.java:543)
... 44 more
Caused by: java.util.concurrent.ExecutionException: java.io.UncheckedIOException: java.net.SocketException: Invalid argument
at java.base/java.util.concurrent.CompletableFuture.reportGet(CompletableFuture.java:395)
at java.base/java.util.concurrent.CompletableFuture.get(CompletableFuture.java:2086)
at org.openqa.selenium.remote.service.DriverService.start(DriverService.java:220)
... 46 more
Caused by: java.io.UncheckedIOException: java.net.SocketException: Invalid argument
at org.openqa.selenium.net.PortProber.waitForPortUp(PortProber.java:117)
at org.openqa.selenium.firefox.GeckoDriverService.waitUntilAvailable(GeckoDriverService.java:119)
at org.openqa.selenium.remote.service.DriverService.lambda$start$1(DriverService.java:205)
at java.base/java.util.concurrent.CompletableFuture$AsyncSupply.run(CompletableFuture.java:1764)
at java.base/java.util.concurrent.ThreadPoolExecutor.runWorker(ThreadPoolExecutor.java:1130)
at java.base/java.util.concurrent.ThreadPoolExecutor$Worker.run(ThreadPoolExecutor.java:630)
at java.base/java.lang.Thread.run(Thread.java:832)
Caused by: java.net.SocketException: Invalid argument
at java.base/sun.nio.ch.Net.connect0(Native Method)
at java.base/sun.nio.ch.Net.connect(Net.java:574)
at java.base/sun.nio.ch.Net.connect(Net.java:563)
at java.base/sun.nio.ch.NioSocketImpl.connect(NioSocketImpl.java:588)
at java.base/java.net.SocksSocketImpl.connect(SocksSocketImpl.java:333)
at java.base/java.net.Socket.connect(Socket.java:648)
at org.openqa.selenium.net.PortProber.waitForPortUp(PortProber.java:112)
... 6 more
... Removed 36 stack frames]]>
    </failure>
  </testcase> <!-- @BeforeMethod setUp -->
  <testcase classname="com.ap.qa.testcases.HomePageTest" name="@AfterMethod tearDown" time="-1.651163396208E9">
    <skipped/>
  </testcase> <!-- @AfterMethod tearDown -->
  <testcase classname="com.ap.qa.testcases.HomePageTest" name="@BeforeMethod setUp" time="-1.651163396208E9">
    <skipped/>
  </testcase> <!-- @BeforeMethod setUp -->
  <testcase classname="com.ap.qa.testcases.HomePageTest" name="@AfterMethod tearDown" time="-1.651163396209E9">
    <skipped/>
  </testcase> <!-- @AfterMethod tearDown -->
  <testcase classname="com.ap.qa.testcases.HomePageTest" name="@BeforeMethod setUp" time="-1.651163396209E9">
    <skipped/>
  </testcase> <!-- @BeforeMethod setUp -->
  <testcase classname="com.ap.qa.testcases.HomePageTest" name="@AfterMethod tearDown" time="-1.65116339621E9">
    <skipped/>
  </testcase> <!-- @AfterMethod tearDown -->
  <testcase classname="com.ap.qa.testcases.DressesPageTest" name="verifyTitleOfDressesTest" time="0.013"/>
  <testcase classname="com.ap.qa.testcases.DressesPageTest" name="verifyBannerOfDressesTest" time="0.054"/>
  <testcase classname="com.ap.qa.testcases.DressesPageTest" name="getListOfCategoriesTest" time="5.95"/>
  <testcase classname="com.ap.qa.testcases.HomePageTest" name="homepageTitleTest" time="0.0">
    <skipped/>
  </testcase> <!-- homepageTitleTest -->
  <testcase classname="com.ap.qa.testcases.HomePageTest" name="validateLinkTest" time="0.0">
    <skipped/>
  </testcase> <!-- validateLinkTest -->
  <testcase classname="com.ap.qa.testcases.HomePageTest" name="clickOnDressesLinkTest" time="0.0">
    <skipped/>
  </testcase> <!-- clickOnDressesLinkTest -->
  <testcase classname="com.ap.qa.testcases.LoginPageTest" name="loginTitleTest" time="0.012"/>
  <testcase classname="com.ap.qa.testcases.LoginPageTest" name="validateLogoTest" time="0.045"/>
  <testcase classname="com.ap.qa.testcases.LoginPageTest" name="validateLinkTest" time="0.04"/>
  <testcase classname="com.ap.qa.testcases.LoginPageTest" name="loginTest" time="5.427"/>
</testsuite> <!-- Surefire test -->
