<?xml version="1.0" encoding="UTF-8"?>
<!-- Generated by org.testng.reporters.JUnitXMLReporter -->
<testsuite ignored="0" hostname="Riddhis-MacBook-Air.local" failures="1" tests="10" name="Test" time="104.115" errors="0" timestamp="2022-04-28T12:33:38 EDT">
  <testcase classname="com.ap.qa.testcases.DressesPageTest" name="@BeforeMethod setUp" time="12.726">
    <failure type="org.openqa.selenium.NoSuchElementException" message="Unable to locate element: #email
For documentation on this error, please visit: https://selenium.dev/exceptions/#no_such_element
Build info: version: &amp;apos;4.1.1&amp;apos;, revision: &amp;apos;e8fcc2cecf&amp;apos;
System info: host: &amp;apos;Riddhis-MacBook-Air.local&amp;apos;, ip: &amp;apos;fe80:0:0:0:18ed:c0b8:be5:aa6d%en0&amp;apos;, os.name: &amp;apos;Mac OS X&amp;apos;, os.arch: &amp;apos;x86_64&amp;apos;, os.version: &amp;apos;10.16&amp;apos;, java.version: &amp;apos;15.0.1&amp;apos;
Driver info: org.openqa.selenium.firefox.FirefoxDriver
Command: [fc3bd3e3-1e08-4107-9b87-732b87ea5207, findElement {using=id, value=email}]
Capabilities {acceptInsecureCerts: true, browserName: firefox, browserVersion: 99.0.1, javascriptEnabled: true, moz:accessibilityChecks: false, moz:buildID: 20220411174855, moz:debuggerAddress: localhost:50982, moz:geckodriverVersion: 0.30.0, moz:headless: false, moz:processID: 3076, moz:profile: /var/folders/84/03kvb8rn6m9..., moz:shutdownTimeout: 60000, moz:useNonSpecCompliantPointerOrigin: false, moz:webdriverClick: true, pageLoadStrategy: normal, platform: MAC, platformName: MAC, platformVersion: 20.6.0, proxy: Proxy(), se:cdp: ws://localhost:50982/devtoo..., se:cdpVersion: 85, setWindowRect: true, strictFileInteractability: false, timeouts: {implicit: 0, pageLoad: 300000, script: 30000}, unhandledPromptBehavior: dismiss and notify}
Session ID: fc3bd3e3-1e08-4107-9b87-732b87ea5207">
      <![CDATA[org.openqa.selenium.NoSuchElementException: Unable to locate element: #email
For documentation on this error, please visit: https://selenium.dev/exceptions/#no_such_element
Build info: version: '4.1.1', revision: 'e8fcc2cecf'
System info: host: 'Riddhis-MacBook-Air.local', ip: 'fe80:0:0:0:18ed:c0b8:be5:aa6d%en0', os.name: 'Mac OS X', os.arch: 'x86_64', os.version: '10.16', java.version: '15.0.1'
Driver info: org.openqa.selenium.firefox.FirefoxDriver
Command: [fc3bd3e3-1e08-4107-9b87-732b87ea5207, findElement {using=id, value=email}]
Capabilities {acceptInsecureCerts: true, browserName: firefox, browserVersion: 99.0.1, javascriptEnabled: true, moz:accessibilityChecks: false, moz:buildID: 20220411174855, moz:debuggerAddress: localhost:50982, moz:geckodriverVersion: 0.30.0, moz:headless: false, moz:processID: 3076, moz:profile: /var/folders/84/03kvb8rn6m9..., moz:shutdownTimeout: 60000, moz:useNonSpecCompliantPointerOrigin: false, moz:webdriverClick: true, pageLoadStrategy: normal, platform: MAC, platformName: MAC, platformVersion: 20.6.0, proxy: Proxy(), se:cdp: ws://localhost:50982/devtoo..., se:cdpVersion: 85, setWindowRect: true, strictFileInteractability: false, timeouts: {implicit: 0, pageLoad: 300000, script: 30000}, unhandledPromptBehavior: dismiss and notify}
Session ID: fc3bd3e3-1e08-4107-9b87-732b87ea5207
at org.openqa.selenium.remote.codec.w3c.W3CHttpResponseCodec.createException(W3CHttpResponseCodec.java:200)
at org.openqa.selenium.remote.codec.w3c.W3CHttpResponseCodec.decode(W3CHttpResponseCodec.java:133)
at org.openqa.selenium.remote.codec.w3c.W3CHttpResponseCodec.decode(W3CHttpResponseCodec.java:53)
at org.openqa.selenium.remote.HttpCommandExecutor.execute(HttpCommandExecutor.java:184)
at org.openqa.selenium.remote.service.DriverCommandExecutor.invokeExecute(DriverCommandExecutor.java:167)
at org.openqa.selenium.remote.service.DriverCommandExecutor.execute(DriverCommandExecutor.java:142)
at org.openqa.selenium.remote.RemoteWebDriver.execute(RemoteWebDriver.java:543)
at org.openqa.selenium.remote.ElementLocation$ElementFinder$2.findElement(ElementLocation.java:162)
at org.openqa.selenium.remote.ElementLocation.findElement(ElementLocation.java:66)
at org.openqa.selenium.remote.RemoteWebDriver.findElement(RemoteWebDriver.java:367)
at org.openqa.selenium.remote.RemoteWebDriver.findElement(RemoteWebDriver.java:359)
at org.openqa.selenium.support.events.EventFiringWebDriver.lambda$new$1(EventFiringWebDriver.java:115)
at com.sun.proxy.$Proxy17.findElement(Unknown Source)
at org.openqa.selenium.support.events.EventFiringWebDriver.findElement(EventFiringWebDriver.java:204)
at org.openqa.selenium.support.pagefactory.DefaultElementLocator.findElement(DefaultElementLocator.java:70)
at org.openqa.selenium.support.pagefactory.internal.LocatingElementHandler.invoke(LocatingElementHandler.java:39)
at com.sun.proxy.$Proxy21.sendKeys(Unknown Source)
at com.ap.qa.pages.LoginPage.login(LoginPage.java:44)
at com.ap.qa.testcases.DressesPageTest.setUp(DressesPageTest.java:29)
at java.base/java.util.ArrayList.forEach(ArrayList.java:1511)
... Removed 39 stack frames]]>
    </failure>
  </testcase> <!-- @BeforeMethod setUp -->
  <testcase classname="com.ap.qa.testcases.DressesPageTest" name="@AfterMethod tearDown" time="-1.651163613194E9">
    <skipped/>
  </testcase> <!-- @AfterMethod tearDown -->
  <testcase classname="com.ap.qa.testcases.DressesPageTest" name="@BeforeMethod setUp" time="-1.651163613196E9">
    <skipped/>
  </testcase> <!-- @BeforeMethod setUp -->
  <testcase classname="com.ap.qa.testcases.DressesPageTest" name="@AfterMethod tearDown" time="-1.651163613202E9">
    <skipped/>
  </testcase> <!-- @AfterMethod tearDown -->
  <testcase classname="com.ap.qa.testcases.DressesPageTest" name="@BeforeMethod setUp" time="-1.651163613203E9">
    <skipped/>
  </testcase> <!-- @BeforeMethod setUp -->
  <testcase classname="com.ap.qa.testcases.DressesPageTest" name="@AfterMethod tearDown" time="-1.651163613217E9">
    <skipped/>
  </testcase> <!-- @AfterMethod tearDown -->
  <testcase classname="com.ap.qa.testcases.LoginPageTest" name="loginTitleTest" time="0.031"/>
  <testcase classname="com.ap.qa.testcases.LoginPageTest" name="validateLogoTest" time="0.082"/>
  <testcase classname="com.ap.qa.testcases.LoginPageTest" name="validateLinkTest" time="0.061"/>
  <testcase classname="com.ap.qa.testcases.LoginPageTest" name="loginTest" time="5.482"/>
  <testcase classname="com.ap.qa.testcases.HomePageTest" name="homepageTitleTest" time="2.039">
    <failure type="java.lang.AssertionError" message="not matched expected [My account - My Store] but found [Login - My Store]">
      <![CDATA[java.lang.AssertionError: not matched expected [My account - My Store] but found [Login - My Store]
at com.ap.qa.testcases.HomePageTest.homepageTitleTest(HomePageTest.java:34)
at java.base/java.util.ArrayList.forEach(ArrayList.java:1511)
... Removed 32 stack frames]]>
    </failure>
  </testcase> <!-- homepageTitleTest -->
  <testcase classname="com.ap.qa.testcases.HomePageTest" name="validateLinkTest" time="2.074"/>
  <testcase classname="com.ap.qa.testcases.HomePageTest" name="clickOnDressesLinkTest" time="5.359"/>
  <testcase classname="com.ap.qa.testcases.DressesPageTest" name="verifyTitleOfDressesTest" time="0.0">
    <skipped/>
  </testcase> <!-- verifyTitleOfDressesTest -->
  <testcase classname="com.ap.qa.testcases.DressesPageTest" name="verifyBannerOfDressesTest" time="0.0">
    <skipped/>
  </testcase> <!-- verifyBannerOfDressesTest -->
  <testcase classname="com.ap.qa.testcases.DressesPageTest" name="getListOfCategoriesTest" time="0.0">
    <skipped/>
  </testcase> <!-- getListOfCategoriesTest -->
</testsuite> <!-- Test -->
